{
  "RSpec": {
    "coverage": {
      "/Users/bhargavi/Turing/session4/assessment/task_list/config/environment.rb": [
        null,
        1,
        null,
        null,
        1
      ],
      "/Users/bhargavi/Turing/session4/assessment/task_list/config/application.rb": [
        1,
        null,
        1,
        null,
        null,
        null,
        1,
        null,
        1,
        1,
        null,
        null,
        null,
        null,
        null,
        null,
        null,
        null,
        null,
        null,
        null,
        null,
        null,
        1,
        null,
        null
      ],
      "/Users/bhargavi/Turing/session4/assessment/task_list/config/boot.rb": [
        1,
        null,
        1
      ],
      "/Users/bhargavi/Turing/session4/assessment/task_list/config/environments/test.rb": [
        1,
        null,
        null,
        null,
        null,
        null,
        null,
        1,
        null,
        null,
        null,
        null,
        1,
        null,
        null,
        1,
        1,
        null,
        null,
        1,
        1,
        null,
        null,
        1,
        null,
        null,
        1,
        null,
        null,
        null,
        null,
        1,
        null,
        null,
        1,
        null,
        null,
        1,
        null,
        null,
        null,
        null
      ],
      "/Users/bhargavi/Turing/session4/assessment/task_list/config/initializers/assets.rb": [
        null,
        null,
        null,
        1,
        null,
        null,
        null,
        null,
        null,
        null,
        null
      ],
      "/Users/bhargavi/Turing/session4/assessment/task_list/config/initializers/backtrace_silencers.rb": [
        null,
        null,
        null,
        null,
        null,
        null,
        null
      ],
      "/Users/bhargavi/Turing/session4/assessment/task_list/config/initializers/cookies_serializer.rb": [
        null,
        null,
        1
      ],
      "/Users/bhargavi/Turing/session4/assessment/task_list/config/initializers/filter_parameter_logging.rb": [
        null,
        null,
        null,
        1
      ],
      "/Users/bhargavi/Turing/session4/assessment/task_list/config/initializers/inflections.rb": [
        null,
        null,
        null,
        null,
        null,
        null,
        null,
        null,
        null,
        null,
        null,
        null,
        null,
        null,
        null,
        null
      ],
      "/Users/bhargavi/Turing/session4/assessment/task_list/config/initializers/mime_types.rb": [
        null,
        null,
        null,
        null
      ],
      "/Users/bhargavi/Turing/session4/assessment/task_list/config/initializers/session_store.rb": [
        null,
        null,
        1
      ],
      "/Users/bhargavi/Turing/session4/assessment/task_list/config/initializers/wrap_parameters.rb": [
        null,
        null,
        null,
        null,
        null,
        null,
        1,
        1,
        null,
        null,
        null,
        null,
        null,
        null
      ],
      "/Users/bhargavi/Turing/session4/assessment/task_list/spec/factories/tasklists.rb": [
        1,
        1,
        1,
        1,
        null,
        null
      ],
      "/Users/bhargavi/Turing/session4/assessment/task_list/spec/factories/tasks.rb": [
        1,
        1,
        1,
        1,
        1,
        null,
        null,
        null
      ],
      "/Users/bhargavi/Turing/session4/assessment/task_list/config/routes.rb": [
        1,
        1,
        1,
        null,
        1,
        1,
        null,
        1,
        null,
        null,
        null,
        null,
        null,
        null,
        null,
        null,
        null,
        null,
        null,
        null,
        null,
        null,
        null,
        null,
        null,
        null,
        null,
        null,
        null,
        null,
        null,
        null,
        null,
        null,
        null,
        null,
        null,
        null,
        null,
        null,
        null,
        null,
        null,
        null,
        null,
        null,
        null,
        null,
        null,
        null,
        null,
        null,
        null,
        null,
        null,
        null,
        null,
        null,
        null,
        null,
        null,
        null,
        null,
        null
      ],
      "/Users/bhargavi/Turing/session4/assessment/task_list/app/helpers/application_helper.rb": [
        1,
        null
      ],
      "/Users/bhargavi/Turing/session4/assessment/task_list/app/helpers/tasklists_helper.rb": [
        1,
        null
      ],
      "/Users/bhargavi/Turing/session4/assessment/task_list/app/helpers/tasks_helper.rb": [
        1,
        null
      ],
      "/Users/bhargavi/Turing/session4/assessment/task_list/spec/support/factory_girl.rb": [
        1,
        1,
        1,
        null,
        1,
        1,
        1,
        1,
        null,
        1,
        null,
        null,
        null
      ],
      "/Users/bhargavi/Turing/session4/assessment/task_list/app/controllers/tasklists_controller.rb": [
        1,
        1,
        1,
        null,
        null,
        1,
        11,
        null,
        null,
        1,
        0,
        0,
        0,
        0,
        null,
        0,
        0,
        null,
        null,
        null,
        1,
        6,
        6,
        null,
        null,
        1,
        1,
        null,
        null,
        1,
        1,
        1,
        1,
        1,
        null,
        0,
        0,
        null,
        null,
        null,
        1,
        2,
        2,
        null,
        null,
        1,
        3,
        null,
        null,
        1,
        1,
        1,
        1,
        1,
        null,
        null,
        1,
        null,
        1,
        1,
        null,
        null
      ],
      "/Users/bhargavi/Turing/session4/assessment/task_list/app/controllers/application_controller.rb": [
        1,
        null,
        null,
        1,
        null
      ],
      "/Users/bhargavi/Turing/session4/assessment/task_list/spec/controllers/tasks_controller_spec.rb": [
        1,
        null,
        1,
        null,
        null
      ],
      "/Users/bhargavi/Turing/session4/assessment/task_list/app/controllers/tasks_controller.rb": [
        1,
        null,
        1,
        null,
        1,
        1,
        1,
        null,
        null,
        1,
        1,
        1,
        1,
        1,
        1,
        1,
        null,
        0,
        0,
        null,
        null,
        null,
        1,
        1,
        null,
        null,
        1,
        1,
        1,
        1,
        1,
        1,
        1,
        2,
        1,
        null,
        null,
        0,
        0,
        null,
        null,
        null,
        null,
        1,
        1,
        1,
        null,
        null,
        1,
        null,
        1,
        2,
        null,
        null
      ],
      "/Users/bhargavi/Turing/session4/assessment/task_list/spec/features/user_can_see_tasklist_spec.rb": [
        1,
        null,
        1,
        null,
        1,
        1,
        1,
        1,
        1,
        null,
        1,
        1,
        1,
        null,
        null,
        1,
        1,
        1,
        null,
        1,
        1,
        null,
        null,
        1,
        1,
        1,
        null,
        1,
        1,
        null,
        1,
        1,
        1,
        null,
        null,
        1,
        1,
        null,
        1,
        1,
        1,
        null,
        null,
        1,
        1,
        null,
        1,
        1,
        1,
        1,
        null,
        null,
        1,
        1,
        null,
        1,
        1,
        null,
        1,
        1,
        null,
        null,
        null,
        1,
        1,
        1,
        1,
        1,
        1,
        null,
        1,
        1,
        1,
        1,
        1,
        1,
        null,
        null,
        1,
        1,
        1,
        1,
        1,
        1,
        null,
        1,
        1,
        1,
        1,
        1,
        null,
        null,
        1,
        1,
        1,
        1,
        null,
        1,
        1,
        null,
        1,
        1,
        null,
        null,
        null
      ],
      "/Users/bhargavi/Turing/session4/assessment/task_list/spec/helpers/tasklists_helper_spec.rb": [
        1,
        null,
        null,
        null,
        null,
        null,
        null,
        null,
        null,
        null,
        null,
        null,
        1,
        1,
        null
      ],
      "/Users/bhargavi/Turing/session4/assessment/task_list/spec/helpers/tasks_helper_spec.rb": [
        1,
        null,
        null,
        null,
        null,
        null,
        null,
        null,
        null,
        null,
        null,
        null,
        1,
        1,
        null
      ],
      "/Users/bhargavi/Turing/session4/assessment/task_list/spec/models/task_spec.rb": [
        1,
        null,
        1,
        1,
        1,
        1,
        null,
        null,
        1,
        1,
        null,
        1,
        1,
        null,
        null
      ],
      "/Users/bhargavi/Turing/session4/assessment/task_list/app/models/task.rb": [
        1,
        1,
        1,
        1,
        1,
        1,
        null,
        null,
        1,
        null,
        1,
        1,
        null
      ],
      "/Users/bhargavi/Turing/session4/assessment/task_list/spec/models/tasklist_spec.rb": [
        1,
        null,
        1,
        1,
        1,
        1,
        null,
        null,
        1,
        1,
        null,
        1,
        1,
        null,
        null,
        1,
        1,
        1,
        1,
        null,
        1,
        1,
        null,
        null
      ],
      "/Users/bhargavi/Turing/session4/assessment/task_list/app/models/tasklist.rb": [
        1,
        1,
        1,
        null,
        12,
        4,
        null
      ]
    },
    "timestamp": 1430916607
  }
}
